0 info it worked if it ends with ok
1 verbose cli [ 'node', '/usr/local/bin/npm', 'publish' ]
2 info using npm@1.4.14
3 info using node@v0.10.28
4 verbose publish [ '.' ]
5 verbose cache add [ '.', null ]
6 verbose cache add name=undefined spec="." args=[".",null]
7 verbose parsed url { protocol: null,
7 verbose parsed url   slashes: null,
7 verbose parsed url   auth: null,
7 verbose parsed url   host: null,
7 verbose parsed url   port: null,
7 verbose parsed url   hostname: null,
7 verbose parsed url   hash: null,
7 verbose parsed url   search: null,
7 verbose parsed url   query: null,
7 verbose parsed url   pathname: '.',
7 verbose parsed url   path: '.',
7 verbose parsed url   href: '.' }
8 silly lockFile 3a52ce78- .
9 verbose lock . /Users/will/.npm/3a52ce78-.lock
10 verbose tar pack [ '/Users/will/.npm/osa-imessage/1.0.0/package.tgz', '.' ]
11 verbose tarball /Users/will/.npm/osa-imessage/1.0.0/package.tgz
12 verbose folder .
13 info prepublish osa-imessage@1.0.0
14 silly lockFile 1f1177db-tar tar://.
15 verbose lock tar://. /Users/will/.npm/1f1177db-tar.lock
16 silly lockFile b2cc9e44-m-osa-imessage-1-0-0-package-tgz tar:///Users/will/.npm/osa-imessage/1.0.0/package.tgz
17 verbose lock tar:///Users/will/.npm/osa-imessage/1.0.0/package.tgz /Users/will/.npm/b2cc9e44-m-osa-imessage-1-0-0-package-tgz.lock
18 silly lockFile 1f1177db-tar tar://.
19 silly lockFile 1f1177db-tar tar://.
20 silly lockFile b2cc9e44-m-osa-imessage-1-0-0-package-tgz tar:///Users/will/.npm/osa-imessage/1.0.0/package.tgz
21 silly lockFile b2cc9e44-m-osa-imessage-1-0-0-package-tgz tar:///Users/will/.npm/osa-imessage/1.0.0/package.tgz
22 silly lockFile 0e92280f-l-npm-osa-imessage-1-0-0-package /Users/will/.npm/osa-imessage/1.0.0/package
23 verbose lock /Users/will/.npm/osa-imessage/1.0.0/package /Users/will/.npm/0e92280f-l-npm-osa-imessage-1-0-0-package.lock
24 silly lockFile 0e92280f-l-npm-osa-imessage-1-0-0-package /Users/will/.npm/osa-imessage/1.0.0/package
25 silly lockFile 0e92280f-l-npm-osa-imessage-1-0-0-package /Users/will/.npm/osa-imessage/1.0.0/package
26 silly lockFile 3a52ce78- .
27 silly lockFile 3a52ce78- .
28 silly publish { name: 'osa-imessage',
28 silly publish   version: '1.0.0',
28 silly publish   description: 'Bring the power of NodeJS to Apple iMessage',
28 silly publish   author:
28 silly publish    { name: 'Will Franzen',
28 silly publish      email: 'wtfranzen@gmail.com',
28 silly publish      url: 'http://will.xyz' },
28 silly publish   license: 'MIT',
28 silly publish   repositoty:
28 silly publish    { type: 'git',
28 silly publish      url: 'https://github.com/wtfaremyinitials/osa-imessage.git' },
28 silly publish   main: 'index.js',
28 silly publish   dependencies:
28 silly publish    { byline: '^4.1.1',
28 silly publish      'exec-sync': '^0.1.6',
28 silly publish      mkfifo: '0.0.1',
28 silly publish      'node-uuid': '^1.4.1',
28 silly publish      osa: '^2.0.1' },
28 silly publish   readme: '![osa-imessage](https://raw.githubusercontent.com/wtfaremyinitials/osa-imessage/master/resources/logowithtext.png)\n\nosa-imessage\n====\n\n![](https://img.shields.io/npm/dm/osa-imessage.svg)\n![](https://img.shields.io/npm/v/osa-imessage.svg)\n![](https://img.shields.io/npm/l/osa-imessage.svg)\n\nA node.js module to interact with iMessage.\n\nInstallation\n===\n\n**Requires OSX 10.10 Yosemite.**\n\n```bash\nnpm install osa-imessage\n```\n\nUsage\n====\n\n###*Sending messages*\n\n**Send a message to a phone number:**\n```js\nvar messages = require(\'osa-imessage\');\n\nmessages.send(\'Hello World!\', \'+15555555555\', callback);\n```\n\n**Send a message to a contact:**\n```js\nvar messages = require(\'osa-imessage\');\n\nmessages.send(\'Hello World!\', \'Johnny Appleseed\', callback);\n```\n\n**Send a message to an iCloud account:**\n```js\nvar messages = require(\'osa-imessage\');\n\nmessages.send(\'Hello World!\', \'john@icloud.com\', callback);\n```\n\n###*Receiving messages*\n\n```js\nvar messages = require(\'osa-imessage\');\n\nvar messageEvents = messages.listen();\n\n// After messages.listen() is called, osa-imessage must be set\n// as the AppleScript handler in Messages.app\'s preferences page\n\nmessageEvents.on(\'received\', function(data){\n    var message = data.text;           // "Hello, World!"\n    var fromName = data.from.name;     // "Johnny Appleseed"\n    var fromHandle = data.from.handle; // "john@icloud.com"\n    var time = data.time;              //  Timestamp\n});\n```\n',
28 silly publish   readmeFilename: 'README.md',
28 silly publish   gitHead: 'a12f7843e3d88d7ac3b55b47049d1dacab59ecfe',
28 silly publish   _id: 'osa-imessage@1.0.0',
28 silly publish   scripts: {},
28 silly publish   _shasum: '0283f71bfba8b31bb8e53d453fdc9c61e973406b',
28 silly publish   _from: '.' }
29 verbose url raw osa-imessage
30 verbose url resolving [ 'https://registry.npmjs.org/', './osa-imessage' ]
31 verbose url resolved https://registry.npmjs.org/osa-imessage
32 info trying registry request attempt 1 at 12:20:47
33 http PUT https://registry.npmjs.org/osa-imessage
34 http 403 https://registry.npmjs.org/osa-imessage
35 verbose headers { date: 'Fri, 12 Dec 2014 18:20:49 GMT',
35 verbose headers   server: 'CouchDB/1.5.0 (Erlang OTP/R16B03)',
35 verbose headers   'content-type': 'application/json',
35 verbose headers   'cache-control': 'max-age=60',
35 verbose headers   'content-length': '3962',
35 verbose headers   'accept-ranges': 'bytes',
35 verbose headers   via: '1.1 varnish',
35 verbose headers   'x-served-by': 'cache-dfw1823-DFW',
35 verbose headers   'x-cache': 'MISS',
35 verbose headers   'x-cache-hits': '0',
35 verbose headers   'x-timer': 'S1418408448.012693,VS0,VE1318',
35 verbose headers   'keep-alive': 'timeout=10, max=50',
35 verbose headers   connection: 'Keep-Alive' }
36 error publish Failed PUT 403
37 error Error: forbidden cannot modify pre-existing version: 1.0.0
37 error old={"name":"osa-imessage","version":"1.0.0","description":"Bring the power of NodeJS to Apple iMessage","author":{"name":"Will Franzen","email":"wtfranzen@gmail.com","url":"http://will.xyz"},"license":"MIT","repositoty":{"type":"git","url":"https://github.com/wtfaremyinitials/osa-imessage.git"},"main":"index.js","dependencies":{"byline":"^4.1.1","exec-sync":"^0.1.6","mkfifo":"0.0.1","node-uuid":"^1.4.1","osa":"^2.0.1"},"gitHead":"21f31a116333f30416dc6acce8ae4ea42aa36f5e","_id":"osa-imessage@1.0.0","scripts":{},"_shasum":"ee60da936021bb5a0d9d53f88b28092373fbeb1b","_from":".","_npmVersion":"1.4.14","_npmUser":{"name":"wtfaremyinitials","email":"wtfranzen@gmail.com"},"maintainers":[{"name":"wtfaremyinitials","email":"wtfranzen@gmail.com"}],"dist":{"shasum":"ee60da936021bb5a0d9d53f88b28092373fbeb1b","tarball":"http://registry.npmjs.org/osa-imessage/-/osa-imessage-1.0.0.tgz"}}
37 error new={"name":"osa-imessage","version":"1.0.0","description":"Bring the power of NodeJS to Apple iMessage","author":{"name":"Will Franzen","email":"wtfranzen@gmail.com","url":"http://will.xyz"},"license":"MIT","repositoty":{"type":"git","url":"https://github.com/wtfaremyinitials/osa-imessage.git"},"main":"index.js","dependencies":{"byline":"^4.1.1","exec-sync":"^0.1.6","mkfifo":"0.0.1","node-uuid":"^1.4.1","osa":"^2.0.1"},"readme":"![osa-imessage](https://raw.githubusercontent.com/wtfaremyinitials/osa-imessage/master/resources/logowithtext.png)\u000a\u000aosa-imessage\u000a====\u000a\u000a![](https://img.shields.io/npm/dm/osa-imessage.svg)\u000a![](https://img.shields.io/npm/v/osa-imessage.svg)\u000a![](https://img.shields.io/npm/l/osa-imessage.svg)\u000a\u000aA node.js module to interact with iMessage.\u000a\u000aInstallation\u000a===\u000a\u000a**Requires OSX 10.10 Yosemite.**\u000a\u000a```bash\u000anpm install osa-imessage\u000a```\u000a\u000aUsage\u000a====\u000a\u000a###*Sending messages*\u000a\u000a**Send a message to a phone number:**\u000a```js\u000avar messages = require('osa-imessage');\u000a\u000amessages.send('Hello World!', '+15555555555', callback);\u000a```\u000a\u000a**Send a message to a contact:**\u000a```js\u000avar messages = require('osa-imessage');\u000a\u000amessages.send('Hello World!', 'Johnny Appleseed', callback);\u000a```\u000a\u000a**Send a message to an iCloud account:**\u000a```js\u000avar messages = require('osa-imessage');\u000a\u000amessages.send('Hello World!', 'john@icloud.com', callback);\u000a```\u000a\u000a###*Receiving messages*\u000a\u000a```js\u000avar messages = require('osa-imessage');\u000a\u000avar messageEvents = messages.listen();\u000a\u000a// After messages.listen() is called, osa-imessage must be set\u000a// as the AppleScript handler in Messages.app's preferences page\u000a\u000amessageEvents.on('received', function(data){\u000a    var message = data.text;           // \"Hello, World!\"\u000a    var fromName = data.from.name;     // \"Johnny Appleseed\"\u000a    var fromHandle = data.from.handle; // \"john@icloud.com\"\u000a    var time = data.time;              //  Timestamp\u000a});\u000a```\u000a","readmeFilename":"README.md","gitHead":"a12f7843e3d88d7ac3b55b47049d1dacab59ecfe","_id":"osa-imessage@1.0.0","scripts":{},"_shasum":"0283f71bfba8b31bb8e53d453fdc9c61e973406b","_from":".","_npmVersion":"1.4.14","_npmUser":{"name":"wtfaremyinitials","email":"wtfranzen@gmail.com"},"maintainers":[{"name":"wtfaremyinitials","email":"wtfranzen@gmail.com"}],"dist":{"shasum":"0283f71bfba8b31bb8e53d453fdc9c61e973406b","tarball":"http://registry.npmjs.org/osa-imessage/-/osa-imessage-1.0.0.tgz"}}: osa-imessage
37 error     at RegClient.<anonymous> (/usr/local/lib/node_modules/npm/node_modules/npm-registry-client/lib/request.js:274:14)
37 error     at Request._callback (/usr/local/lib/node_modules/npm/node_modules/npm-registry-client/lib/request.js:212:65)
37 error     at Request.self.callback (/usr/local/lib/node_modules/npm/node_modules/request/request.js:123:22)
37 error     at Request.EventEmitter.emit (events.js:98:17)
37 error     at Request.<anonymous> (/usr/local/lib/node_modules/npm/node_modules/request/request.js:893:14)
37 error     at Request.EventEmitter.emit (events.js:117:20)
37 error     at IncomingMessage.<anonymous> (/usr/local/lib/node_modules/npm/node_modules/request/request.js:844:12)
37 error     at IncomingMessage.EventEmitter.emit (events.js:117:20)
37 error     at _stream_readable.js:919:16
37 error     at process._tickCallback (node.js:419:13)
38 error If you need help, you may report this *entire* log,
38 error including the npm and node versions, at:
38 error     <http://github.com/npm/npm/issues>
39 error System Darwin 14.0.0
40 error command "node" "/usr/local/bin/npm" "publish"
41 error cwd /Users/will/Projects/osa-imessage
42 error node -v v0.10.28
43 error npm -v 1.4.14
44 verbose exit [ 1, true ]
